<?xml version="1.0" encoding="UTF-8"?>
<!-- Generated by org.testng.reporters.JUnitXMLReporter -->
<testsuite ignored="0" hostname="DESKTOP-FT11B8R" failures="0" tests="7" name="Test" time="6.944" errors="0" timestamp="2025-06-15T21:39:35 WIB">
  <testcase classname="com.demo.sauce.testCases.AuthTest" name="verifyLogin" time="1.769"/>
  <testcase classname="com.demo.sauce.testCases.AuthTest" name="verifyLogout" time="0.282"/>
  <testcase classname="com.demo.sauce.testCases.AuthTest" name="verifyLoginNegative" time="0.171"/>
  <testcase classname="com.demo.sauce.testCases.TransactionTest" name="verifyProduct" time="0.555"/>
  <testcase classname="com.demo.sauce.testCases.TransactionTest" name="addToCart" time="0.224"/>
  <testcase classname="com.demo.sauce.testCases.TransactionTest" name="checkOut" time="0.521"/>
  <testcase classname="com.demo.sauce.testCases.TransactionTest" name="checkFinishOrder" time="0.184"/>
</testsuite> <!-- Test -->
