<?xml version="1.0" encoding="UTF-8"?>
<!-- Generated by org.testng.reporters.JUnitXMLReporter -->
<testsuite ignored="0" hostname="Conondrum" failures="0" tests="7" name="Test" time="22.744" errors="0" timestamp="2025-07-07T10:57:07 WIB">
  <testcase classname="com.demo.sauce.testCases.AuthTest" name="verifyLogin" time="4.107"/>
  <testcase classname="com.demo.sauce.testCases.AuthTest" name="verifyLogout" time="0.915"/>
  <testcase classname="com.demo.sauce.testCases.AuthTest" name="verifyLoginNegative" time="0.604"/>
  <testcase classname="com.demo.sauce.testCases.TransactionTest" name="verifyProduct" time="3.0"/>
  <testcase classname="com.demo.sauce.testCases.TransactionTest" name="addToCart" time="0.79"/>
  <testcase classname="com.demo.sauce.testCases.TransactionTest" name="checkOut" time="1.773"/>
  <testcase classname="com.demo.sauce.testCases.TransactionTest" name="checkFinishOrder" time="0.87"/>
</testsuite> <!-- Test -->
