<?xml version="1.0" encoding="UTF-8"?>
<testng-results ignored="0" total="7" passed="7" failed="0" skipped="0">
  <reporter-output>
  </reporter-output>
  <suite started-at="2025-07-07T10:56:44 WIB" name="Suite" finished-at="2025-07-07T10:57:06 WIB" duration-ms="22744">
    <groups>
    </groups>
    <test started-at="2025-07-07T10:56:44 WIB" name="Test" finished-at="2025-07-07T10:57:06 WIB" duration-ms="22744">
      <class name="com.demo.sauce.testCases.AuthTest">
        <test-method is-config="true" signature="setup(java.lang.String,java.lang.String)[pri:0, instance:com.demo.sauce.testCases.AuthTest@6b81ce95]" started-at="2025-07-07T10:56:44 WIB" name="setup" finished-at="2025-07-07T10:56:51 WIB" duration-ms="6375" status="PASS">
          <params>
            <param index="0">
              <value>
                <![CDATA[Windows]]>
              </value>
            </param>
            <param index="1">
              <value>
                <![CDATA[chrome]]>
              </value>
            </param>
          </params>
          <reporter-output>
          </reporter-output>
        </test-method> <!-- setup -->
        <test-method signature="verifyLogin()[pri:1, instance:com.demo.sauce.testCases.AuthTest@6b81ce95]" started-at="2025-07-07T10:56:51 WIB" name="verifyLogin" description="TC001" finished-at="2025-07-07T10:56:55 WIB" duration-ms="4107" status="PASS">
          <reporter-output>
          </reporter-output>
        </test-method> <!-- verifyLogin -->
        <test-method signature="verifyLogout()[pri:2, instance:com.demo.sauce.testCases.AuthTest@6b81ce95]" started-at="2025-07-07T10:56:55 WIB" name="verifyLogout" description="TC007" finished-at="2025-07-07T10:56:56 WIB" duration-ms="915" status="PASS">
          <reporter-output>
          </reporter-output>
        </test-method> <!-- verifyLogout -->
        <test-method signature="verifyLoginNegative()[pri:3, instance:com.demo.sauce.testCases.AuthTest@6b81ce95]" started-at="2025-07-07T10:56:56 WIB" name="verifyLoginNegative" description="TC002" finished-at="2025-07-07T10:56:56 WIB" duration-ms="604" status="PASS">
          <reporter-output>
          </reporter-output>
        </test-method> <!-- verifyLoginNegative -->
        <test-method is-config="true" signature="tearDown()[pri:0, instance:com.demo.sauce.testCases.AuthTest@6b81ce95]" started-at="2025-07-07T10:56:56 WIB" name="tearDown" finished-at="2025-07-07T10:56:57 WIB" duration-ms="469" status="PASS">
          <reporter-output>
          </reporter-output>
        </test-method> <!-- tearDown -->
      </class> <!-- com.demo.sauce.testCases.AuthTest -->
      <class name="com.demo.sauce.testCases.TransactionTest">
        <test-method is-config="true" signature="setup(java.lang.String,java.lang.String)[pri:0, instance:com.demo.sauce.testCases.TransactionTest@6c64cb25]" started-at="2025-07-07T10:56:57 WIB" name="setup" finished-at="2025-07-07T10:57:00 WIB" duration-ms="2825" status="PASS">
          <params>
            <param index="0">
              <value>
                <![CDATA[Windows]]>
              </value>
            </param>
            <param index="1">
              <value>
                <![CDATA[chrome]]>
              </value>
            </param>
          </params>
          <reporter-output>
          </reporter-output>
        </test-method> <!-- setup -->
        <test-method signature="verifyProduct()[pri:1, instance:com.demo.sauce.testCases.TransactionTest@6c64cb25]" started-at="2025-07-07T10:57:00 WIB" name="verifyProduct" description="TC003" finished-at="2025-07-07T10:57:03 WIB" duration-ms="3000" status="PASS">
          <reporter-output>
          </reporter-output>
        </test-method> <!-- verifyProduct -->
        <test-method signature="addToCart()[pri:0, instance:com.demo.sauce.testCases.TransactionTest@6c64cb25]" started-at="2025-07-07T10:57:03 WIB" name="addToCart" description="TC004" finished-at="2025-07-07T10:57:03 WIB" depends-on-methods="com.demo.sauce.testCases.TransactionTest.verifyProduct" duration-ms="790" status="PASS">
          <reporter-output>
          </reporter-output>
        </test-method> <!-- addToCart -->
        <test-method signature="checkOut()[pri:0, instance:com.demo.sauce.testCases.TransactionTest@6c64cb25]" started-at="2025-07-07T10:57:03 WIB" name="checkOut" description="TC005" finished-at="2025-07-07T10:57:05 WIB" depends-on-methods="com.demo.sauce.testCases.TransactionTest.addToCart" duration-ms="1773" status="PASS">
          <reporter-output>
          </reporter-output>
        </test-method> <!-- checkOut -->
        <test-method signature="checkFinishOrder()[pri:0, instance:com.demo.sauce.testCases.TransactionTest@6c64cb25]" started-at="2025-07-07T10:57:05 WIB" name="checkFinishOrder" description="TC006" finished-at="2025-07-07T10:57:06 WIB" depends-on-methods="com.demo.sauce.testCases.TransactionTest.checkOut" duration-ms="870" status="PASS">
          <reporter-output>
          </reporter-output>
        </test-method> <!-- checkFinishOrder -->
        <test-method is-config="true" signature="tearDown()[pri:0, instance:com.demo.sauce.testCases.TransactionTest@6c64cb25]" started-at="2025-07-07T10:57:06 WIB" name="tearDown" finished-at="2025-07-07T10:57:06 WIB" duration-ms="360" status="PASS">
          <reporter-output>
          </reporter-output>
        </test-method> <!-- tearDown -->
      </class> <!-- com.demo.sauce.testCases.TransactionTest -->
    </test> <!-- Test -->
  </suite> <!-- Suite -->
</testng-results>
