<?xml version="1.0" encoding="UTF-8"?>
<testng-results ignored="0" total="7" passed="7" failed="0" skipped="0">
  <reporter-output>
  </reporter-output>
  <suite started-at="2025-06-15T21:39:28 WIB" name="Suite" finished-at="2025-06-15T21:39:35 WIB" duration-ms="6944">
    <groups>
    </groups>
    <test started-at="2025-06-15T21:39:28 WIB" name="Test" finished-at="2025-06-15T21:39:35 WIB" duration-ms="6944">
      <class name="com.demo.sauce.testCases.AuthTest">
        <test-method is-config="true" signature="setup(java.lang.String,java.lang.String)[pri:0, instance:com.demo.sauce.testCases.AuthTest@2a5c8d3f]" started-at="2025-06-15T21:39:28 WIB" name="setup" finished-at="2025-06-15T21:39:30 WIB" duration-ms="1537" status="PASS">
          <params>
            <param index="0">
              <value>
                <![CDATA[Windows]]>
              </value>
            </param>
            <param index="1">
              <value>
                <![CDATA[chrome]]>
              </value>
            </param>
          </params>
          <reporter-output>
          </reporter-output>
        </test-method> <!-- setup -->
        <test-method signature="verifyLogin()[pri:1, instance:com.demo.sauce.testCases.AuthTest@2a5c8d3f]" started-at="2025-06-15T21:39:30 WIB" name="verifyLogin" description="TC001" finished-at="2025-06-15T21:39:32 WIB" duration-ms="1769" status="PASS">
          <reporter-output>
          </reporter-output>
        </test-method> <!-- verifyLogin -->
        <test-method signature="verifyLogout()[pri:2, instance:com.demo.sauce.testCases.AuthTest@2a5c8d3f]" started-at="2025-06-15T21:39:32 WIB" name="verifyLogout" description="TC007" finished-at="2025-06-15T21:39:32 WIB" duration-ms="282" status="PASS">
          <reporter-output>
          </reporter-output>
        </test-method> <!-- verifyLogout -->
        <test-method signature="verifyLoginNegative()[pri:3, instance:com.demo.sauce.testCases.AuthTest@2a5c8d3f]" started-at="2025-06-15T21:39:32 WIB" name="verifyLoginNegative" description="TC002" finished-at="2025-06-15T21:39:32 WIB" duration-ms="171" status="PASS">
          <reporter-output>
          </reporter-output>
        </test-method> <!-- verifyLoginNegative -->
        <test-method is-config="true" signature="tearDown()[pri:0, instance:com.demo.sauce.testCases.AuthTest@2a5c8d3f]" started-at="2025-06-15T21:39:32 WIB" name="tearDown" finished-at="2025-06-15T21:39:32 WIB" duration-ms="241" status="PASS">
          <reporter-output>
          </reporter-output>
        </test-method> <!-- tearDown -->
      </class> <!-- com.demo.sauce.testCases.AuthTest -->
      <class name="com.demo.sauce.testCases.TransactionTest">
        <test-method is-config="true" signature="setup(java.lang.String,java.lang.String)[pri:0, instance:com.demo.sauce.testCases.TransactionTest@65e98b1c]" started-at="2025-06-15T21:39:32 WIB" name="setup" finished-at="2025-06-15T21:39:34 WIB" duration-ms="1074" status="PASS">
          <params>
            <param index="0">
              <value>
                <![CDATA[Windows]]>
              </value>
            </param>
            <param index="1">
              <value>
                <![CDATA[chrome]]>
              </value>
            </param>
          </params>
          <reporter-output>
          </reporter-output>
        </test-method> <!-- setup -->
        <test-method signature="verifyProduct()[pri:1, instance:com.demo.sauce.testCases.TransactionTest@65e98b1c]" started-at="2025-06-15T21:39:34 WIB" name="verifyProduct" description="TC003" finished-at="2025-06-15T21:39:34 WIB" duration-ms="555" status="PASS">
          <reporter-output>
          </reporter-output>
        </test-method> <!-- verifyProduct -->
        <test-method signature="addToCart()[pri:0, instance:com.demo.sauce.testCases.TransactionTest@65e98b1c]" started-at="2025-06-15T21:39:34 WIB" name="addToCart" description="TC004" finished-at="2025-06-15T21:39:34 WIB" depends-on-methods="com.demo.sauce.testCases.TransactionTest.verifyProduct" duration-ms="224" status="PASS">
          <reporter-output>
          </reporter-output>
        </test-method> <!-- addToCart -->
        <test-method signature="checkOut()[pri:0, instance:com.demo.sauce.testCases.TransactionTest@65e98b1c]" started-at="2025-06-15T21:39:34 WIB" name="checkOut" description="TC005" finished-at="2025-06-15T21:39:35 WIB" depends-on-methods="com.demo.sauce.testCases.TransactionTest.addToCart" duration-ms="521" status="PASS">
          <reporter-output>
          </reporter-output>
        </test-method> <!-- checkOut -->
        <test-method signature="checkFinishOrder()[pri:0, instance:com.demo.sauce.testCases.TransactionTest@65e98b1c]" started-at="2025-06-15T21:39:35 WIB" name="checkFinishOrder" description="TC006" finished-at="2025-06-15T21:39:35 WIB" depends-on-methods="com.demo.sauce.testCases.TransactionTest.checkOut" duration-ms="184" status="PASS">
          <reporter-output>
          </reporter-output>
        </test-method> <!-- checkFinishOrder -->
        <test-method is-config="true" signature="tearDown()[pri:0, instance:com.demo.sauce.testCases.TransactionTest@65e98b1c]" started-at="2025-06-15T21:39:35 WIB" name="tearDown" finished-at="2025-06-15T21:39:35 WIB" duration-ms="175" status="PASS">
          <reporter-output>
          </reporter-output>
        </test-method> <!-- tearDown -->
      </class> <!-- com.demo.sauce.testCases.TransactionTest -->
    </test> <!-- Test -->
  </suite> <!-- Suite -->
</testng-results>
